2024-04-17T12:08:09.322+04:00  INFO 12284 --- [restartedMain] c.e.TacosWebApp.TacosWebAppApplication   : Starting TacosWebAppApplication using Java 17.0.10 with PID 12284 (C:\Users\iovan\IdeaProjects\TacosWebApp\TacosWebApp\target\classes started by iovan in C:\Users\iovan\IdeaProjects\TacosWebApp\TacosWebApp)
2024-04-17T12:08:09.333+04:00  INFO 12284 --- [restartedMain] c.e.TacosWebApp.TacosWebAppApplication   : No active profile set, falling back to 1 default profile: "default"
2024-04-17T12:08:09.377+04:00  INFO 12284 --- [restartedMain] .e.DevToolsPropertyDefaultsPostProcessor : Devtools property defaults active! Set 'spring.devtools.add-properties' to 'false' to disable
2024-04-17T12:08:09.378+04:00  INFO 12284 --- [restartedMain] .e.DevToolsPropertyDefaultsPostProcessor : For additional web related logging consider setting the 'logging.level.web' property to 'DEBUG'
2024-04-17T12:08:10.091+04:00  INFO 12284 --- [restartedMain] .s.d.r.c.RepositoryConfigurationDelegate : Bootstrapping Spring Data JPA repositories in DEFAULT mode.
2024-04-17T12:08:10.151+04:00  INFO 12284 --- [restartedMain] .s.d.r.c.RepositoryConfigurationDelegate : Finished Spring Data repository scanning in 53 ms. Found 3 JPA repository interfaces.
2024-04-17T12:08:10.670+04:00  INFO 12284 --- [restartedMain] o.s.b.w.embedded.tomcat.TomcatWebServer  : Tomcat initialized with port 8080 (http)
2024-04-17T12:08:10.680+04:00  INFO 12284 --- [restartedMain] o.apache.catalina.core.StandardService   : Starting service [Tomcat]
2024-04-17T12:08:10.680+04:00  INFO 12284 --- [restartedMain] o.apache.catalina.core.StandardEngine    : Starting Servlet engine: [Apache Tomcat/10.1.18]
2024-04-17T12:08:10.724+04:00  INFO 12284 --- [restartedMain] o.a.c.c.C.[Tomcat].[localhost].[/]       : Initializing Spring embedded WebApplicationContext
2024-04-17T12:08:10.725+04:00  INFO 12284 --- [restartedMain] w.s.c.ServletWebServerApplicationContext : Root WebApplicationContext: initialization completed in 1347 ms
2024-04-17T12:08:10.849+04:00  INFO 12284 --- [restartedMain] o.hibernate.jpa.internal.util.LogHelper  : HHH000204: Processing PersistenceUnitInfo [name: default]
2024-04-17T12:08:10.897+04:00  INFO 12284 --- [restartedMain] org.hibernate.Version                    : HHH000412: Hibernate ORM core version 6.4.1.Final
2024-04-17T12:08:10.926+04:00  INFO 12284 --- [restartedMain] o.h.c.internal.RegionFactoryInitiator    : HHH000026: Second-level cache disabled
2024-04-17T12:08:11.124+04:00  INFO 12284 --- [restartedMain] o.s.o.j.p.SpringPersistenceUnitInfo      : No LoadTimeWeaver setup: ignoring JPA class transformer
2024-04-17T12:08:11.147+04:00  INFO 12284 --- [restartedMain] com.zaxxer.hikari.HikariDataSource       : HikariPool-1 - Starting...
2024-04-17T12:08:11.298+04:00  INFO 12284 --- [restartedMain] com.zaxxer.hikari.pool.HikariPool        : HikariPool-1 - Added connection org.postgresql.jdbc.PgConnection@af2e47f
2024-04-17T12:08:11.300+04:00  INFO 12284 --- [restartedMain] com.zaxxer.hikari.HikariDataSource       : HikariPool-1 - Start completed.
2024-04-17T12:08:12.295+04:00  INFO 12284 --- [restartedMain] o.h.e.t.j.p.i.JtaPlatformInitiator       : HHH000489: No JTA platform available (set 'hibernate.transaction.jta.platform' to enable JTA platform integration)
2024-04-17T12:08:12.421+04:00  INFO 12284 --- [restartedMain] j.LocalContainerEntityManagerFactoryBean : Initialized JPA EntityManagerFactory for persistence unit 'default'
2024-04-17T12:08:12.779+04:00  WARN 12284 --- [restartedMain] JpaBaseConfiguration$JpaWebConfiguration : spring.jpa.open-in-view is enabled by default. Therefore, database queries may be performed during view rendering. Explicitly configure spring.jpa.open-in-view to disable this warning
2024-04-17T12:08:13.281+04:00  INFO 12284 --- [restartedMain] o.s.b.d.a.OptionalLiveReloadServer       : LiveReload server is running on port 35729
2024-04-17T12:08:13.315+04:00  INFO 12284 --- [restartedMain] o.s.b.w.embedded.tomcat.TomcatWebServer  : Tomcat started on port 8080 (http) with context path ''
2024-04-17T12:08:13.325+04:00  INFO 12284 --- [restartedMain] c.e.TacosWebApp.TacosWebAppApplication   : Started TacosWebAppApplication in 4.411 seconds (process running for 4.767)
